  Bosszilla.cpp
C:\Users\monts\Documents\GitHub\Galaga-88\Galaga\Bosszilla.cpp(75,37): warning C4244: '=': conversión de 'int' a 'float'; posible pérdida de datos
C:\Users\monts\Documents\GitHub\Galaga-88\Galaga\Bosszilla.cpp(103,48): warning C4244: 'argumento': conversión de 'float' a 'int'; posible pérdida de datos
C:\Users\monts\Documents\GitHub\Galaga-88\Galaga\Bosszilla.cpp(103,42): warning C4244: 'argumento': conversión de 'float' a 'int'; posible pérdida de datos
C:\Users\monts\Documents\GitHub\Galaga-88\Galaga\Bosszilla.cpp(103,27): warning C4244: 'argumento': conversión de 'float' a 'int'; posible pérdida de datos
C:\Users\monts\Documents\GitHub\Galaga-88\Galaga\Bosszilla.cpp(104,63): warning C4244: 'argumento': conversión de 'float' a 'int'; posible pérdida de datos
C:\Users\monts\Documents\GitHub\Galaga-88\Galaga\Bosszilla.cpp(104,42): warning C4244: 'argumento': conversión de 'float' a 'int'; posible pérdida de datos
C:\Users\monts\Documents\GitHub\Galaga-88\Galaga\Bosszilla.cpp(104,27): warning C4244: 'argumento': conversión de 'float' a 'int'; posible pérdida de datos
  Enemy.cpp
C:\Users\monts\Documents\GitHub\Galaga-88\Galaga\Enemy.cpp(315,31): warning C4244: 'inicializando': conversión de 'double' a 'float'; posible pérdida de datos
C:\Users\monts\Documents\GitHub\Galaga-88\Galaga\Enemy.cpp(372,45): warning C4838: la conversión de 'int' en 'float' requiere una conversión de restricción
C:\Users\monts\Documents\GitHub\Galaga-88\Galaga\Enemy.cpp(372,45): warning C4244: 'inicializando': conversión de 'int' a 'float'; posible pérdida de datos
C:\Users\monts\Documents\GitHub\Galaga-88\Galaga\Enemy.cpp(372,66): warning C4838: la conversión de 'int' en 'float' requiere una conversión de restricción
C:\Users\monts\Documents\GitHub\Galaga-88\Galaga\Enemy.cpp(372,66): warning C4244: 'inicializando': conversión de 'int' a 'float'; posible pérdida de datos
C:\Users\monts\Documents\GitHub\Galaga-88\Galaga\Enemy.cpp(372,78): warning C4838: la conversión de 'int' en 'float' requiere una conversión de restricción
C:\Users\monts\Documents\GitHub\Galaga-88\Galaga\Enemy.cpp(372,78): warning C4244: 'inicializando': conversión de 'int' a 'float'; posible pérdida de datos
  enemy_bullet.cpp
C:\Users\monts\Documents\GitHub\Galaga-88\Galaga\enemy_bullet.cpp(28,34): warning C4244: '=': conversión de 'double' a 'float'; posible pérdida de datos
C:\Users\monts\Documents\GitHub\Galaga-88\Galaga\enemy_bullet.cpp(29,36): warning C4244: '=': conversión de 'double' a 'float'; posible pérdida de datos
  game.cpp
C:\Users\monts\Documents\GitHub\Galaga-88\Galaga\game.cpp(25,41): warning C4244: '=': conversión de 'int' a 'float'; posible pérdida de datos
C:\Users\monts\Documents\GitHub\Galaga-88\Galaga\game.cpp(166,25): warning C4267: 'inicializando': conversión de 'size_t' a 'int'; posible pérdida de datos
C:\Users\monts\Documents\GitHub\Galaga-88\Galaga\game.cpp(337,65): warning C4267: 'argumento': conversión de 'size_t' a 'int'; posible pérdida de datos
C:\Users\monts\Documents\GitHub\Galaga-88\Galaga\game.cpp(391,41): warning C4244: '=': conversión de 'int' a 'float'; posible pérdida de datos
C:\Users\monts\Documents\GitHub\Galaga-88\Galaga\game.cpp(618,27): warning C4244: 'inicializando': conversión de 'int' a 'float'; posible pérdida de datos
C:\Users\monts\Documents\GitHub\Galaga-88\Galaga\game.cpp(643,41): warning C4244: '=': conversión de 'int' a 'float'; posible pérdida de datos
  main.cpp
C:\Users\monts\Documents\GitHub\Galaga-88\Galaga\Menu.hpp(1,13): warning C4081: se esperaba 'newline'; se encontró ';'
  (compilando archivo de origen "main.cpp")
  
C:\Users\monts\Documents\GitHub\Galaga-88\Galaga\main.cpp(150,54): warning C4838: la conversión de 'int' en 'float' requiere una conversión de restricción
C:\Users\monts\Documents\GitHub\Galaga-88\Galaga\main.cpp(150,54): warning C4244: 'inicializando': conversión de 'int' a 'float'; posible pérdida de datos
C:\Users\monts\Documents\GitHub\Galaga-88\Galaga\main.cpp(150,71): warning C4838: la conversión de 'int' en 'float' requiere una conversión de restricción
C:\Users\monts\Documents\GitHub\Galaga-88\Galaga\main.cpp(150,71): warning C4244: 'inicializando': conversión de 'int' a 'float'; posible pérdida de datos
C:\Users\monts\Documents\GitHub\Galaga-88\Galaga\main.cpp(150,83): warning C4838: la conversión de 'int' en 'float' requiere una conversión de restricción
C:\Users\monts\Documents\GitHub\Galaga-88\Galaga\main.cpp(150,83): warning C4244: 'inicializando': conversión de 'int' a 'float'; posible pérdida de datos
  Menu.cpp
C:\Users\monts\Documents\GitHub\Galaga-88\Galaga\Menu.hpp(1,13): warning C4081: se esperaba 'newline'; se encontró ';'
  (compilando archivo de origen "Menu.cpp")
  
C:\Users\monts\Documents\GitHub\Galaga-88\Galaga\Menu.cpp(12,25): warning C4305: '=': truncamiento de 'double' a 'float'
C:\Users\monts\Documents\GitHub\Galaga-88\Galaga\Menu.cpp(79,55): warning C4244: '=': conversión de 'int' a 'float'; posible pérdida de datos
C:\Users\monts\Documents\GitHub\Galaga-88\Galaga\Menu.cpp(135,45): warning C4244: '=': conversión de 'int' a 'float'; posible pérdida de datos
C:\Users\monts\Documents\GitHub\Galaga-88\Galaga\Menu.cpp(158,45): warning C4244: '=': conversión de 'int' a 'float'; posible pérdida de datos
  space.cpp
C:\Users\monts\Documents\GitHub\Galaga-88\Galaga\space.cpp(9,48): warning C4244: '=': conversión de 'int' a 'float'; posible pérdida de datos
C:\Users\monts\Documents\GitHub\Galaga-88\Galaga\space.cpp(10,48): warning C4244: '=': conversión de 'int' a 'float'; posible pérdida de datos
C:\Users\monts\Documents\GitHub\Galaga-88\Galaga\space.cpp(50,36): warning C4244: '=': conversión de 'int' a 'float'; posible pérdida de datos
C:\Users\monts\Documents\GitHub\Galaga-88\Galaga\space.cpp(111,28): warning C4838: la conversión de 'int' en 'float' requiere una conversión de restricción
C:\Users\monts\Documents\GitHub\Galaga-88\Galaga\space.cpp(111,28): warning C4244: 'inicializando': conversión de 'int' a 'float'; posible pérdida de datos
C:\Users\monts\Documents\GitHub\Galaga-88\Galaga\space.cpp(111,36): warning C4838: la conversión de 'int' en 'float' requiere una conversión de restricción
C:\Users\monts\Documents\GitHub\Galaga-88\Galaga\space.cpp(111,36): warning C4244: 'inicializando': conversión de 'int' a 'float'; posible pérdida de datos
C:\Users\monts\Documents\GitHub\Galaga-88\Galaga\space.cpp(111,44): warning C4838: la conversión de 'int' en 'float' requiere una conversión de restricción
C:\Users\monts\Documents\GitHub\Galaga-88\Galaga\space.cpp(111,44): warning C4244: 'inicializando': conversión de 'int' a 'float'; posible pérdida de datos
C:\Users\monts\Documents\GitHub\Galaga-88\Galaga\space.cpp(111,56): warning C4838: la conversión de 'int' en 'float' requiere una conversión de restricción
C:\Users\monts\Documents\GitHub\Galaga-88\Galaga\space.cpp(111,56): warning C4244: 'inicializando': conversión de 'int' a 'float'; posible pérdida de datos
C:\Users\monts\Documents\GitHub\Galaga-88\Galaga\space.cpp(112,61): warning C4838: la conversión de 'int' en 'float' requiere una conversión de restricción
C:\Users\monts\Documents\GitHub\Galaga-88\Galaga\space.cpp(112,61): warning C4244: 'inicializando': conversión de 'int' a 'float'; posible pérdida de datos
C:\Users\monts\Documents\GitHub\Galaga-88\Galaga\space.cpp(112,78): warning C4838: la conversión de 'int' en 'float' requiere una conversión de restricción
C:\Users\monts\Documents\GitHub\Galaga-88\Galaga\space.cpp(112,78): warning C4244: 'inicializando': conversión de 'int' a 'float'; posible pérdida de datos
C:\Users\monts\Documents\GitHub\Galaga-88\Galaga\space.cpp(120,40): warning C4838: la conversión de 'int' en 'float' requiere una conversión de restricción
C:\Users\monts\Documents\GitHub\Galaga-88\Galaga\space.cpp(120,40): warning C4244: 'inicializando': conversión de 'int' a 'float'; posible pérdida de datos
C:\Users\monts\Documents\GitHub\Galaga-88\Galaga\space.cpp(120,61): warning C4838: la conversión de 'int' en 'float' requiere una conversión de restricción
C:\Users\monts\Documents\GitHub\Galaga-88\Galaga\space.cpp(120,61): warning C4244: 'inicializando': conversión de 'int' a 'float'; posible pérdida de datos
C:\Users\monts\Documents\GitHub\Galaga-88\Galaga\space.cpp(120,73): warning C4838: la conversión de 'int' en 'float' requiere una conversión de restricción
C:\Users\monts\Documents\GitHub\Galaga-88\Galaga\space.cpp(120,73): warning C4244: 'inicializando': conversión de 'int' a 'float'; posible pérdida de datos
C:\Users\monts\Documents\GitHub\Galaga-88\Galaga\space.cpp(292,17): warning C4838: la conversión de 'int' en 'float' requiere una conversión de restricción
C:\Users\monts\Documents\GitHub\Galaga-88\Galaga\space.cpp(292,17): warning C4244: 'inicializando': conversión de 'int' a 'float'; posible pérdida de datos
C:\Users\monts\Documents\GitHub\Galaga-88\Galaga\space.cpp(294,3): warning C4838: la conversión de 'int' en 'float' requiere una conversión de restricción
C:\Users\monts\Documents\GitHub\Galaga-88\Galaga\space.cpp(294,3): warning C4244: 'inicializando': conversión de 'int' a 'float'; posible pérdida de datos
C:\Users\monts\Documents\GitHub\Galaga-88\Galaga\space.cpp(295,3): warning C4838: la conversión de 'int' en 'float' requiere una conversión de restricción
C:\Users\monts\Documents\GitHub\Galaga-88\Galaga\space.cpp(295,3): warning C4244: 'inicializando': conversión de 'int' a 'float'; posible pérdida de datos
C:\Users\monts\Documents\GitHub\Galaga-88\Galaga\space.cpp(301,22): warning C4838: la conversión de 'int' en 'float' requiere una conversión de restricción
C:\Users\monts\Documents\GitHub\Galaga-88\Galaga\space.cpp(301,22): warning C4244: 'inicializando': conversión de 'int' a 'float'; posible pérdida de datos
C:\Users\monts\Documents\GitHub\Galaga-88\Galaga\space.cpp(302,23): warning C4838: la conversión de 'int' en 'float' requiere una conversión de restricción
C:\Users\monts\Documents\GitHub\Galaga-88\Galaga\space.cpp(302,23): warning C4244: 'inicializando': conversión de 'int' a 'float'; posible pérdida de datos
  transicion.cpp
C:\Users\monts\Documents\GitHub\Galaga-88\Galaga\transicion.cpp(132,63): warning C4838: la conversión de 'int' en 'float' requiere una conversión de restricción
C:\Users\monts\Documents\GitHub\Galaga-88\Galaga\transicion.cpp(132,63): warning C4244: 'inicializando': conversión de 'int' a 'float'; posible pérdida de datos
C:\Users\monts\Documents\GitHub\Galaga-88\Galaga\transicion.cpp(132,83): warning C4838: la conversión de 'int' en 'float' requiere una conversión de restricción
C:\Users\monts\Documents\GitHub\Galaga-88\Galaga\transicion.cpp(132,83): warning C4244: 'inicializando': conversión de 'int' a 'float'; posible pérdida de datos
C:\Users\monts\Documents\GitHub\Galaga-88\Galaga\transicion.cpp(132,109): warning C4838: la conversión de 'int' en 'float' requiere una conversión de restricción
C:\Users\monts\Documents\GitHub\Galaga-88\Galaga\transicion.cpp(132,109): warning C4244: 'inicializando': conversión de 'int' a 'float'; posible pérdida de datos
  UI.cpp
  Generando código
  Previous IPDB and IOBJ mismatch, fall back to full compilation.
  All 420 functions were compiled because no usable IPDB/IOBJ from previous compilation was found.
  Generación de código finalizada
  Galaga.vcxproj -> C:\Users\monts\Documents\GitHub\Galaga-88\Galaga\x64\Release\Galaga.exe
